<?xml version="1.0" encoding="UTF-8"?>
<testsuite xmlns:xsi="http://www.w3.org/2001/XMLSchema-instance" xsi:noNamespaceSchemaLocation="https://maven.apache.org/surefire/maven-surefire-plugin/xsd/surefire-test-report-3.0.xsd" version="3.0" name="com.pegmatita.ApiRest.ApiRestApplicationTests" time="0.309" tests="1" errors="0" skipped="0" failures="0">
  <properties>
[...]
</properties>
  <testcase name="contextLoads" classname="com.pegmatita.ApiRest.ApiRestApplicationTests" time="0.005">
    <system-out><![CDATA[2024-11-04T06:52:54.970-03:00  INFO 32353 --- [ApiRest] [           main] t.c.s.AnnotationConfigContextLoaderUtils : Could not detect default configuration classes for test class [com.pegmatita.ApiRest.ApiRestApplicationTests]: ApiRestApplicationTests does not declare any static, non-private, non-final, nested classes annotated with @Configuration.
2024-11-04T06:52:54.980-03:00  INFO 32353 --- [ApiRest] [           main] .b.t.c.SpringBootTestContextBootstrapper : Found @SpringBootConfiguration com.pegmatita.ApiRest.ApiRestApplication for test class com.pegmatita.ApiRest.ApiRestApplicationTests
2024-11-04T06:52:54.984-03:00  INFO 32353 --- [ApiRest] [           main] o.s.b.d.r.RestartApplicationListener     : Restart disabled due to context in which it is running
  .   ____          _            __ _ _
 /\\ / ___'_ __ _ _(_)_ __  __ _ \ \ \ \
( ( )\___ | '_ | '_| | '_ \/ _` | \ \ \ \
 \\/  ___)| |_)| | | | | || (_| |  ) ) ) )
  '  |____| .__|_| |_|_| |_\__, | / / / /
 =========|_|==============|___/=/_/_/_/

 :: Spring Boot ::                (v3.3.0)

2024-11-04T06:52:55.005-03:00  INFO 32353 --- [ApiRest] [           main] c.p.ApiRest.ApiRestApplicationTests      : Starting ApiRestApplicationTests using Java 17.0.12 with PID 32353 (started by mateus in /home/mateus/Github/ApiRest)
2024-11-04T06:52:55.005-03:00  INFO 32353 --- [ApiRest] [           main] c.p.ApiRest.ApiRestApplicationTests      : The following 1 profile is active: "teste"
2024-11-04T06:52:55.055-03:00  INFO 32353 --- [ApiRest] [           main] .s.d.r.c.RepositoryConfigurationDelegate : Bootstrapping Spring Data JPA repositories in DEFAULT mode.
2024-11-04T06:52:55.063-03:00  INFO 32353 --- [ApiRest] [           main] .s.d.r.c.RepositoryConfigurationDelegate : Finished Spring Data repository scanning in 7 ms. Found 6 JPA repository interfaces.
2024-11-04T06:52:55.072-03:00  INFO 32353 --- [ApiRest] [           main] beddedDataSourceBeanFactoryPostProcessor : Replacing 'dataSource' DataSource bean with embedded version
2024-11-04T06:52:55.082-03:00  INFO 32353 --- [ApiRest] [           main] o.s.j.d.e.EmbeddedDatabaseFactory        : Starting embedded database: url='jdbc:h2:mem:49e5db33-a211-4ca9-beba-dc839350536e;DB_CLOSE_DELAY=-1;DB_CLOSE_ON_EXIT=false', username='sa'
2024-11-04T06:52:55.097-03:00  INFO 32353 --- [ApiRest] [           main] o.hibernate.jpa.internal.util.LogHelper  : HHH000204: Processing PersistenceUnitInfo [name: default]
2024-11-04T06:52:55.099-03:00  INFO 32353 --- [ApiRest] [           main] o.h.c.internal.RegionFactoryInitiator    : HHH000026: Second-level cache disabled
2024-11-04T06:52:55.106-03:00  INFO 32353 --- [ApiRest] [           main] o.s.o.j.p.SpringPersistenceUnitInfo      : No LoadTimeWeaver setup: ignoring JPA class transformer
2024-11-04T06:52:55.109-03:00  WARN 32353 --- [ApiRest] [           main] org.hibernate.orm.deprecation            : HHH90000025: H2Dialect does not need to be specified explicitly using 'hibernate.dialect' (remove the property setting and it will be selected by default)
2024-11-04T06:52:55.187-03:00  INFO 32353 --- [ApiRest] [           main] o.h.e.t.j.p.i.JtaPlatformInitiator       : HHH000489: No JTA platform available (set 'hibernate.transaction.jta.platform' to enable JTA platform integration)
Hibernate: drop table if exists actors cascade 
Hibernate: drop table if exists artist cascade 
Hibernate: drop table if exists director cascade 
Hibernate: drop table if exists disc cascade 
Hibernate: drop table if exists disc_musics cascade 
Hibernate: drop table if exists movie cascade 
Hibernate: drop table if exists movie_actors cascade 
Hibernate: drop table if exists music cascade 
Hibernate: drop sequence if exists music_seq
Hibernate: create sequence music_seq start with 1 increment by 50
Hibernate: create table actors (oscar boolean not null, id bigint generated by default as identity, name varchar(255) not null, primary key (id))
Hibernate: create table artist (id bigint generated by default as identity, name varchar(255) not null, primary key (id))
Hibernate: create table director (id bigint generated by default as identity, name varchar(255) not null, primary key (id))
Hibernate: create table disc (artist_id bigint, id bigint generated by default as identity, launch timestamp(6) not null, name varchar(255) not null, primary key (id))
Hibernate: create table disc_musics (disc_id bigint not null, musics_id bigint not null unique)
Hibernate: create table movie (time_movie integer not null, director_id bigint, id bigint generated by default as identity, release_date timestamp(6) not null, title varchar(255) not null, primary key (id))
Hibernate: create table movie_actors (actors_id bigint not null, movies_id bigint not null)
Hibernate: create table music (time_music integer not null, artist_id bigint not null, disc_id bigint not null, id bigint not null, name varchar(255) not null, primary key (id))
Hibernate: alter table if exists disc add constraint FK92ygrwpi32sf46bmh6dcpfn2n foreign key (artist_id) references artist
Hibernate: alter table if exists disc_musics add constraint FK5tcf18onyd8bf7ayppqbnh9gi foreign key (musics_id) references music
Hibernate: alter table if exists disc_musics add constraint FKh4gbyo3pk63htkoxygy113aar foreign key (disc_id) references disc
Hibernate: alter table if exists movie add constraint FKbi47w3cnsfi30gc1nu2avgra2 foreign key (director_id) references director
Hibernate: alter table if exists movie_actors add constraint FKmbjimc5kwrkrn89b0tynvqihi foreign key (actors_id) references actors
Hibernate: alter table if exists movie_actors add constraint FKdild7jsp1x529e6nkqpayxm1b foreign key (movies_id) references movie
Hibernate: alter table if exists music add constraint FK9yrhmoc1hty1eff973ofs5cjc foreign key (artist_id) references artist
Hibernate: alter table if exists music add constraint FK7j18lcb3msft2i08cyppi4oog foreign key (disc_id) references disc
2024-11-04T06:52:55.202-03:00  INFO 32353 --- [ApiRest] [           main] j.LocalContainerEntityManagerFactoryBean : Initialized JPA EntityManagerFactory for persistence unit 'default'
2024-11-04T06:52:55.269-03:00  INFO 32353 --- [ApiRest] [           main] c.p.ApiRest.ApiRestApplicationTests      : Started ApiRestApplicationTests in 0.284 seconds (process running for 3.279)
]]></system-out>
  </testcase>
</testsuite>